<?xml version="1.0" encoding="UTF-8"?>
<testng-results skipped="0" failed="0" ignored="0" total="1" passed="1">
  <reporter-output>
  </reporter-output>
  <suite name="Default suite" duration-ms="8205" started-at="2021-10-17T05:17:46Z" finished-at="2021-10-17T05:17:55Z">
    <groups>
    </groups>
    <test name="Default test" duration-ms="8205" started-at="2021-10-17T05:17:46Z" finished-at="2021-10-17T05:17:55Z">
      <class name="com.utility.ExcelUtility">
        <test-method status="PASS" signature="test()[pri:0, instance:com.utility.ExcelUtility@7a69b07]" name="test" duration-ms="8126" started-at="2021-10-17T05:17:46Z" finished-at="2021-10-17T05:17:55Z">
          <reporter-output>
          </reporter-output>
        </test-method> <!-- test -->
      </class> <!-- com.utility.ExcelUtility -->
    </test> <!-- Default test -->
  </suite> <!-- Default suite -->
</testng-results>
